Drill report for ./mPCIe-LEA-4L.kicad_pcb
Created on Fri Jan 22 23:18:45 2021

Copper Layer Stackup:
    =============================================================
    L1 :  Front                     front
    L2 :  In1.Cu                    in1
    L3 :  In2.Cu                    in2
    L4 :  Back                      back


Drill file 'mPCIe-LEA-4L.drl' contains
    plated through holes:
    =============================================================
    T1  0.20mm  0.008"  (7 holes)
    T2  0.25mm  0.010"  (11 holes)
    T3  0.30mm  0.012"  (13 holes)
    T4  0.35mm  0.014"  (4 holes)
    T5  0.40mm  0.016"  (28 holes)
    T6  2.60mm  0.102"  (2 holes)

    Total plated holes count 65


Not plated through holes are merged with plated holes
    unplated through holes:
    =============================================================

    Total unplated holes count 0
